@@@conv1
-1.8455
nan
nan
nan
nan
nan
nan
nan
nan
nan
nan
nan
nan
nan
-1.63774
nan
nan
nan
nan
nan
nan
nan
nan
nan
nan
nan
nan
nan
nan
nan
nan
nan
nan
nan
nan
nan
nan
-1.32391
nan
nan
nan
nan
nan
nan
nan
-1.22507
nan
nan
nan
nan
nan
nan
nan
nan
nan
nan
nan
nan
nan
-1.01228
nan
nan
-0.986031
nan
nan
nan
nan
nan
nan
-0.884334
nan
nan
nan
nan
nan
nan
nan
nan
nan
nan
nan
nan
nan
nan
nan
nan
nan
nan
nan
nan
nan
nan
nan
nan
nan
nan
nan
nan
nan
nan
nan
nan
-0.421327
nan
nan
nan
nan
nan
nan
nan
nan
nan
nan
nan
nan
nan
nan
nan
nan
nan
nan
nan
nan
nan
nan
nan
nan
nan
nan
nan
nan
nan
nan
nan
nan
nan
nan
nan
nan
nan
nan
nan
nan
nan
nan
nan
nan
nan
nan
nan
nan
nan
nan
nan
nan
nan
nan
nan
nan
nan
nan
nan
0.403311
nan
nan
nan
nan
nan
nan
nan
nan
nan
nan
nan
nan
nan
nan
nan
nan
nan
nan
nan
0.679332
nan
nan
nan
nan
nan
0.762247
0.783192
nan
nan
nan
nan
nan
nan
nan
0.885159
nan
nan
nan
nan
0.959849
0.968069
nan
nan
nan
nan
nan
nan
nan
nan
nan
1.10446
nan
nan
nan
nan
nan
nan
nan
nan
1.24559
nan
nan
nan
nan
nan
nan
1.32836
nan
nan
nan
nan
nan
nan
nan
nan
nan
1.45369
nan
nan
nan
nan
nan
nan
nan
nan
nan
nan
nan
nan
1.654
nan
nan
1.68633
@@@conv2
-0.581702
nan
nan
nan
nan
nan
nan
nan
nan
nan
nan
nan
nan
nan
nan
nan
nan
nan
nan
nan
nan
nan
nan
nan
nan
nan
nan
nan
nan
nan
nan
nan
nan
nan
nan
nan
nan
nan
nan
nan
nan
nan
nan
nan
nan
nan
nan
nan
nan
nan
nan
nan
nan
nan
nan
nan
nan
nan
-0.20539
nan
nan
-0.182037
nan
nan
nan
nan
nan
nan
nan
nan
nan
nan
nan
nan
nan
nan
nan
nan
nan
nan
nan
nan
nan
nan
nan
nan
nan
nan
nan
0.0020441
nan
nan
nan
nan
nan
nan
nan
nan
nan
nan
nan
nan
nan
nan
nan
nan
nan
nan
nan
nan
nan
nan
nan
nan
nan
nan
0.183411
nan
nan
nan
nan
nan
nan
nan
nan
nan
nan
nan
nan
nan
nan
nan
nan
nan
nan
nan
nan
nan
nan
nan
nan
nan
0.35073
nan
nan
nan
nan
nan
nan
nan
nan
nan
nan
nan
nan
nan
nan
nan
nan
nan
nan
nan
nan
nan
nan
nan
nan
nan
nan
nan
nan
nan
nan
nan
nan
nan
nan
nan
nan
nan
nan
nan
nan
nan
nan
nan
nan
nan
nan
nan
nan
nan
nan
nan
nan
nan
nan
nan
nan
nan
nan
nan
nan
nan
nan
nan
nan
nan
nan
nan
nan
nan
nan
nan
nan
nan
nan
nan
nan
nan
nan
nan
nan
nan
nan
nan
nan
nan
nan
nan
nan
nan
nan
nan
nan
nan
nan
nan
nan
nan
nan
nan
nan
nan
nan
nan
nan
nan
nan
nan
nan
nan
nan
nan
nan
1.1159
@@@ip1
-0.0832996
nan
nan
nan
nan
nan
nan
nan
nan
nan
nan
nan
nan
-0.0430165
nan
nan
nan
nan
nan
nan
nan
nan
nan
nan
nan
nan
nan
0.001698
nan
nan
nan
0.0139319
@@@ip2
-0.192754
nan
nan
-0.162614
nan
nan
nan
nan
nan
nan
nan
nan
nan
nan
nan
nan
nan
nan
0.0100798
nan
nan
nan
nan
nan
nan
nan
nan
nan
nan
nan
nan
0.162
